<?xml version="1.0" encoding="UTF-8"?>
<testng-results ignored="0" total="2" passed="2" failed="0" skipped="0">
  <reporter-output>
  </reporter-output>
  <suite started-at="2023-05-29T08:13:06Z" name="Default suite" finished-at="2023-05-29T08:13:30Z" duration-ms="23790">
    <groups>
    </groups>
    <test started-at="2023-05-29T08:13:06Z" name="Default test" finished-at="2023-05-29T08:13:30Z" duration-ms="23790">
      <class name="getElement">
        <test-method is-config="true" signature="beforeClass()[pri:0, instance:getElement@43599640]" started-at="2023-05-29T08:13:06Z" name="beforeClass" finished-at="2023-05-29T08:13:12Z" duration-ms="5582" status="PASS">
          <reporter-output>
          </reporter-output>
        </test-method> <!-- beforeClass -->
        <test-method signature="dangnhap()[pri:0, instance:getElement@43599640]" started-at="2023-05-29T08:13:12Z" name="dangnhap" finished-at="2023-05-29T08:13:19Z" duration-ms="7025" status="PASS">
          <reporter-output>
          </reporter-output>
        </test-method> <!-- dangnhap -->
        <test-method signature="getUsername()[pri:0, instance:getElement@43599640]" started-at="2023-05-29T08:13:19Z" name="getUsername" finished-at="2023-05-29T08:13:30Z" duration-ms="10890" status="PASS">
          <reporter-output>
          </reporter-output>
        </test-method> <!-- getUsername -->
        <test-method is-config="true" signature="afterClass()[pri:0, instance:getElement@43599640]" started-at="2023-05-29T08:13:30Z" name="afterClass" finished-at="2023-05-29T08:13:30Z" duration-ms="283" status="PASS">
          <reporter-output>
          </reporter-output>
        </test-method> <!-- afterClass -->
      </class> <!-- getElement -->
    </test> <!-- Default test -->
  </suite> <!-- Default suite -->
</testng-results>
