<?xml version="1.0" encoding="UTF-8"?>
<testng-results ignored="0" total="2" passed="2" failed="0" skipped="0">
  <reporter-output>
  </reporter-output>
  <suite started-at="2023-05-22T20:28:16Z" name="Default suite" finished-at="2023-05-22T20:28:44Z" duration-ms="28071">
    <groups>
    </groups>
    <test started-at="2023-05-22T20:28:16Z" name="Default test" finished-at="2023-05-22T20:28:44Z" duration-ms="28071">
      <class name="automationlearning.h1">
        <test-method is-config="true" signature="beforeClass()[pri:0, instance:automationlearning.h1@48c76607]" started-at="2023-05-22T20:28:16Z" name="beforeClass" finished-at="2023-05-22T20:28:25Z" duration-ms="9506" status="PASS">
          <reporter-output>
          </reporter-output>
        </test-method> <!-- beforeClass -->
        <test-method signature="dangnhap()[pri:0, instance:automationlearning.h1@48c76607]" started-at="2023-05-22T20:28:25Z" name="dangnhap" finished-at="2023-05-22T20:28:33Z" duration-ms="7130" status="PASS">
          <reporter-output>
          </reporter-output>
        </test-method> <!-- dangnhap -->
        <test-method signature="getUsername()[pri:0, instance:automationlearning.h1@48c76607]" started-at="2023-05-22T20:28:33Z" name="getUsername" finished-at="2023-05-22T20:28:44Z" duration-ms="11162" status="PASS">
          <reporter-output>
          </reporter-output>
        </test-method> <!-- getUsername -->
        <test-method is-config="true" signature="afterClass()[pri:0, instance:automationlearning.h1@48c76607]" started-at="2023-05-22T20:28:44Z" name="afterClass" finished-at="2023-05-22T20:28:44Z" duration-ms="253" status="PASS">
          <reporter-output>
          </reporter-output>
        </test-method> <!-- afterClass -->
      </class> <!-- automationlearning.h1 -->
    </test> <!-- Default test -->
  </suite> <!-- Default suite -->
</testng-results>
